2021-07-19 18:40:14 [INFO ] Best model restored from ./out_QS/train/4\best_ckpt\best_model.ckpt-10896
2021-07-19 18:40:14 [INFO ] Loading ...
2021-07-19 18:40:14 [INFO ] Signal file: C:\Users\mahjaf\Downloads\
2021-07-19 18:40:14 [INFO ] Start datetime: 2021-07-17 03:32:42
2021-07-19 18:40:14 [INFO ] File duration: 22710 sec
2021-07-19 18:40:14 [INFO ] Epoch duration: 30.0 sec (changed from 1 sec)
2021-07-19 18:40:15 [INFO ] Selected channel: EEG L - EEG R
2021-07-19 18:40:15 [INFO ] Select channel samples: 757 epochs
2021-07-19 18:40:15 [INFO ] Sampling rate: 256.0 Hz
2021-07-19 18:40:15 [INFO ] 
=======================================

2021-07-19 18:40:15 [INFO ] Autoscoring file: Left ...
2021-07-19 18:40:15 [INFO ] Test set (n_night_sleeps=1)
2021-07-19 18:40:15 [INFO ] (757, 7680, 1, 1)
2021-07-19 18:45:08 [INFO ] Best model restored from ./out_QS/train/4\best_ckpt\best_model.ckpt-16140
2021-07-19 18:45:08 [INFO ] Loading ...
2021-07-19 18:45:08 [INFO ] Signal file: C:/Users/mahjaf/Downloads/
2021-07-19 18:45:08 [INFO ] Start datetime: 2021-07-17 03:32:42
2021-07-19 18:45:08 [INFO ] File duration: 22710 sec
2021-07-19 18:45:08 [INFO ] Epoch duration: 30.0 sec (changed from 1 sec)
2021-07-19 18:45:09 [INFO ] Selected channel: EEG L - EEG R
2021-07-19 18:45:09 [INFO ] Select channel samples: 757 epochs
2021-07-19 18:45:09 [INFO ] Sampling rate: 256.0 Hz
2021-07-19 18:45:09 [INFO ] 
=======================================

2021-07-19 18:45:09 [INFO ] Autoscoring file: 1 ...
2021-07-19 18:45:09 [INFO ] Test set (n_night_sleeps=1)
2021-07-19 18:45:09 [INFO ] (757, 7680, 1, 1)
2021-07-19 18:45:22 [INFO ] Loading ...
2021-07-19 18:45:22 [INFO ] Signal file: C:/Users/mahjaf/Downloads/
2021-07-19 18:47:55 [INFO ] Best model restored from ./out_QS/train/4\best_ckpt\best_model.ckpt-16140
2021-07-19 18:47:55 [INFO ] Loading ...
2021-07-19 18:47:55 [INFO ] Signal file: C:/Users/mahjaf/Downloads/
2021-07-19 18:47:55 [INFO ] Start datetime: 2021-07-17 03:32:42
2021-07-19 18:47:55 [INFO ] File duration: 22710 sec
2021-07-19 18:47:55 [INFO ] Epoch duration: 30.0 sec (changed from 1 sec)
2021-07-19 18:47:56 [INFO ] Selected channel: EEG L - EEG R
2021-07-19 18:47:56 [INFO ] Select channel samples: 757 epochs
2021-07-19 18:47:56 [INFO ] Sampling rate: 256.0 Hz
2021-07-19 18:47:56 [INFO ] 
=======================================

2021-07-19 18:47:56 [INFO ] Autoscoring file: 1 ...
2021-07-19 18:47:56 [INFO ] Test set (n_night_sleeps=1)
2021-07-19 18:47:56 [INFO ] (757, 7680, 1, 1)
2021-07-29 18:22:16 [INFO ] Best model restored from ./out_QS/train/4\best_ckpt\best_model.ckpt-16140
2021-07-29 18:22:16 [INFO ] Loading ...
2021-07-29 18:22:16 [INFO ] Signal file: C:/Users/mahjaf/Downloads/
2021-07-29 18:22:16 [INFO ] Start datetime: 2021-07-29 14:14:33
2021-07-29 18:22:16 [INFO ] File duration: 5530 sec
2021-07-29 18:22:16 [INFO ] Epoch duration: 30.0 sec (changed from 1 sec)
2021-07-29 18:22:16 [INFO ] Selected channel: EEG L - EEG R
2021-07-29 18:22:16 [INFO ] Select channel samples: 184 epochs
2021-07-29 18:22:16 [INFO ] Sampling rate: 256.0 Hz
2021-07-29 18:22:16 [INFO ] 
=======================================

2021-07-29 18:22:16 [INFO ] Autoscoring file: 1 ...
2021-07-29 18:22:16 [INFO ] Test set (n_night_sleeps=1)
2021-07-29 18:22:16 [INFO ] (184, 7680, 1, 1)
2021-08-05 12:37:38 [INFO ] Best model restored from ./out_QS/train/4\best_ckpt\best_model.ckpt-16140
2021-08-05 12:37:38 [INFO ] Loading ...
2021-08-05 12:37:38 [INFO ] Signal file: C:/Users/mahjaf/Downloads/
2021-08-05 12:38:38 [INFO ] Best model restored from ./out_QS/train/4\best_ckpt\best_model.ckpt-16140
2021-08-05 12:38:38 [INFO ] Loading ...
2021-08-05 12:38:38 [INFO ] Signal file: C:/Users/mahjaf/Downloads/
2021-08-05 12:38:38 [INFO ] Start datetime: 2021-08-05 10:43:50
2021-08-05 12:38:38 [INFO ] File duration: 6320 sec
2021-08-05 12:38:38 [INFO ] Epoch duration: 30.0 sec (changed from 1 sec)
2021-08-05 12:38:39 [INFO ] Selected channel: EEG L - EEG R
2021-08-05 12:38:39 [INFO ] Select channel samples: 210 epochs
2021-08-05 12:38:39 [INFO ] Sampling rate: 256.0 Hz
2021-08-05 12:38:39 [INFO ] 
=======================================

2021-08-05 12:38:39 [INFO ] Autoscoring file: 1 ...
2021-08-05 12:38:39 [INFO ] Test set (n_night_sleeps=1)
2021-08-05 12:38:39 [INFO ] (210, 7680, 1, 1)
2021-08-05 12:40:48 [INFO ] Best model restored from ./out_QS/train/10\best_ckpt\best_model.ckpt-6601
2021-08-05 12:40:48 [INFO ] Loading ...
2021-08-05 12:40:48 [INFO ] Signal file: C:/Users/mahjaf/Downloads/
2021-08-05 12:40:48 [INFO ] Start datetime: 2021-08-05 10:43:50
2021-08-05 12:40:48 [INFO ] File duration: 6320 sec
2021-08-05 12:40:48 [INFO ] Epoch duration: 30.0 sec (changed from 1 sec)
2021-08-05 12:40:48 [INFO ] Selected channel: EEG L - EEG R
2021-08-05 12:40:48 [INFO ] Select channel samples: 210 epochs
2021-08-05 12:40:48 [INFO ] Sampling rate: 256.0 Hz
2021-08-05 12:40:48 [INFO ] 
=======================================

2021-08-05 12:40:48 [INFO ] Autoscoring file: 1 ...
2021-08-05 12:40:48 [INFO ] Test set (n_night_sleeps=1)
2021-08-05 12:40:48 [INFO ] (210, 7680, 1, 1)
2021-08-09 13:15:34 [INFO ] Best model restored from ./out_QS/train/4\best_ckpt\best_model.ckpt-16140
2021-08-09 13:15:34 [INFO ] Loading ...
2021-08-09 13:15:34 [INFO ] Signal file: C:\Users\asus\Desktop\dr. dresler\zmax\code\ZmaxDonders\Testing\recording-date-2021-08-05-time-10-43-53 Pilot 2\
2021-08-09 13:15:34 [INFO ] Start datetime: 2021-08-05 10:43:50
2021-08-09 13:15:34 [INFO ] File duration: 6320 sec
2021-08-09 13:15:34 [INFO ] Epoch duration: 30.0 sec (changed from 1 sec)
2021-08-09 13:15:34 [INFO ] Selected channel: EEG L - EEG R
2021-08-09 13:15:34 [INFO ] Select channel samples: 210 epochs
2021-08-09 13:15:34 [INFO ] Sampling rate: 256 Hz
2021-08-09 13:15:34 [INFO ] 
=======================================

2021-08-09 13:15:34 [INFO ] Autoscoring file: 1 ...
2021-08-09 13:15:34 [INFO ] Test set (n_night_sleeps=1)
2021-08-09 13:15:34 [INFO ] (210, 7680, 1, 1)
2021-08-09 13:29:20 [INFO ] Best model restored from ./out_QS/train/4\best_ckpt\best_model.ckpt-16140
2021-08-09 13:29:20 [INFO ] Loading ...
2021-08-09 13:29:20 [INFO ] Signal file: C:\Users\asus\Desktop\dr. dresler\zmax\code\ZmaxDonders\Testing\recording-date-2021-08-05-time-10-43-53 Pilot 2\
2021-08-09 13:29:20 [INFO ] Start datetime: 2021-08-05 10:43:50
2021-08-09 13:29:20 [INFO ] File duration: 6320 sec
2021-08-09 13:29:20 [INFO ] Epoch duration: 30.0 sec (changed from 1 sec)
2021-08-09 13:29:20 [INFO ] Selected channel: EEG L - EEG R
2021-08-09 13:29:20 [INFO ] Select channel samples: 210 epochs
2021-08-09 13:29:20 [INFO ] Sampling rate: 256 Hz
2021-08-09 13:29:20 [INFO ] 
=======================================

2021-08-09 13:29:20 [INFO ] Autoscoring file: 1 ...
2021-08-09 13:29:20 [INFO ] Test set (n_night_sleeps=1)
2021-08-09 13:29:20 [INFO ] (210, 7680, 1, 1)
2021-08-09 13:30:45 [INFO ] Best model restored from ./out_QS/train/4\best_ckpt\best_model.ckpt-16140
2021-08-09 13:30:45 [INFO ] Loading ...
2021-08-09 13:30:45 [INFO ] Signal file: C:\Users\asus\Desktop\dr. dresler\zmax\code\ZmaxDonders\Testing\recording-date-2021-08-05-time-10-43-53 Pilot 2\
2021-08-09 13:30:45 [INFO ] Start datetime: 2021-08-05 10:43:50
2021-08-09 13:30:45 [INFO ] File duration: 6320 sec
2021-08-09 13:30:45 [INFO ] Epoch duration: 30.0 sec (changed from 1 sec)
2021-08-09 13:30:45 [INFO ] Selected channel: EEG L - EEG R
2021-08-09 13:30:45 [INFO ] Select channel samples: 210 epochs
2021-08-09 13:30:45 [INFO ] Sampling rate: 256 Hz
2021-08-09 13:30:45 [INFO ] 
=======================================

2021-08-09 13:30:45 [INFO ] Autoscoring file: 1 ...
2021-08-09 13:30:45 [INFO ] Test set (n_night_sleeps=1)
2021-08-09 13:30:45 [INFO ] (210, 7680, 1, 1)
2021-08-09 13:32:30 [INFO ] Best model restored from ./out_QS/train/4\best_ckpt\best_model.ckpt-16140
2021-08-09 13:32:30 [INFO ] Loading ...
2021-08-09 13:32:30 [INFO ] Signal file: C:\Users\asus\Desktop\dr. dresler\zmax\code\ZmaxDonders\Testing\recording-date-2021-08-05-time-10-43-53 Pilot 2\
2021-08-09 13:32:30 [INFO ] Start datetime: 2021-08-05 10:43:50
2021-08-09 13:32:30 [INFO ] File duration: 6320 sec
2021-08-09 13:32:30 [INFO ] Epoch duration: 30.0 sec (changed from 1 sec)
2021-08-09 13:32:30 [INFO ] Selected channel: EEG L - EEG R
2021-08-09 13:32:30 [INFO ] Select channel samples: 210 epochs
2021-08-09 13:32:30 [INFO ] Sampling rate: 256 Hz
2021-08-09 13:32:30 [INFO ] 
=======================================

2021-08-09 13:32:30 [INFO ] Autoscoring file: 1 ...
2021-08-09 13:32:30 [INFO ] Test set (n_night_sleeps=1)
2021-08-09 13:32:30 [INFO ] (210, 7680, 1, 1)
2021-08-09 13:53:26 [INFO ] Best model restored from ./out_QS/train/4\best_ckpt\best_model.ckpt-16140
2021-08-09 13:53:26 [INFO ] Loading ...
2021-08-09 13:53:26 [INFO ] Signal file: C:\Users\asus\Desktop\dr. dresler\zmax\code\ZmaxDonders\Testing\recording-date-2021-08-05-time-10-43-53 Pilot 2\
2021-08-09 13:53:26 [INFO ] Start datetime: 2021-08-05 10:43:50
2021-08-09 13:53:26 [INFO ] File duration: 6320 sec
2021-08-09 13:53:26 [INFO ] Epoch duration: 30.0 sec (changed from 1 sec)
2021-08-09 13:53:26 [INFO ] Selected channel: EEG L - EEG R
2021-08-09 13:53:26 [INFO ] Select channel samples: 210 epochs
2021-08-09 13:53:26 [INFO ] Sampling rate: 256 Hz
2021-08-09 13:53:26 [INFO ] 
=======================================

2021-08-09 13:53:26 [INFO ] Autoscoring file: 1 ...
2021-08-09 13:53:26 [INFO ] Test set (n_night_sleeps=1)
2021-08-09 13:53:26 [INFO ] (210, 7680, 1, 1)
2021-08-09 13:55:07 [INFO ] Best model restored from ./out_QS/train/4\best_ckpt\best_model.ckpt-16140
2021-08-09 13:55:07 [INFO ] Loading ...
2021-08-09 13:55:07 [INFO ] Signal file: C:\Users\asus\Desktop\dr. dresler\zmax\code\ZmaxDonders\Testing\recording-date-2021-08-05-time-10-43-53 Pilot 2\
2021-08-09 13:55:07 [INFO ] Start datetime: 2021-08-05 10:43:50
2021-08-09 13:55:07 [INFO ] File duration: 6320 sec
2021-08-09 13:55:07 [INFO ] Epoch duration: 30.0 sec (changed from 1 sec)
2021-08-09 13:55:07 [INFO ] Selected channel: EEG L - EEG R
2021-08-09 13:55:07 [INFO ] Select channel samples: 210 epochs
2021-08-09 13:55:07 [INFO ] Sampling rate: 256 Hz
2021-08-09 13:55:07 [INFO ] 
=======================================

2021-08-09 13:55:07 [INFO ] Autoscoring file: 1 ...
2021-08-09 13:55:07 [INFO ] Test set (n_night_sleeps=1)
2021-08-09 13:55:07 [INFO ] (210, 7680, 1, 1)
2021-08-09 14:02:37 [INFO ] Loading new array for prediciton...
2021-08-09 14:02:37 [INFO ] 
=======================================

2021-08-09 14:02:37 [INFO ] Initializing the model ...
2021-08-09 14:02:45 [INFO ] Loading new array for prediciton...
2021-08-09 14:02:45 [INFO ] 
=======================================

2021-08-09 14:02:45 [INFO ] Initializing the model ...
2021-08-11 11:11:32 [INFO ] Best model restored from ./out_QS/train/4\best_ckpt\best_model.ckpt-16140
2021-08-11 11:11:58 [INFO ] Loading ...
2021-08-11 11:11:58 [INFO ] Signal file: C:\Users\asus\Desktop\dr. dresler\zmax\code\ZmaxDonders\Testing\recording-date-2021-08-05-time-10-43-53 Pilot 2\
2021-08-11 11:11:58 [INFO ] Start datetime: 2021-08-05 10:43:50
2021-08-11 11:11:58 [INFO ] File duration: 6320 sec
2021-08-11 11:11:58 [INFO ] Epoch duration: 30.0 sec (changed from 1 sec)
2021-08-11 12:45:06 [INFO ] Best model restored from ./out_QS/train/4\best_ckpt\best_model.ckpt-16140
2021-08-11 12:45:44 [INFO ] Best model restored from ./out_QS/train/4\best_ckpt\best_model.ckpt-16140
2021-08-11 12:45:44 [INFO ] Loading ...
2021-08-11 12:45:44 [INFO ] Signal file: C:\Users\asus\Desktop\dr. dresler\zmax\code\ZmaxDonders\Testing\recording-date-2021-08-05-time-10-43-53 Pilot 2\
2021-08-11 12:45:44 [INFO ] Start datetime: 2021-08-05 10:43:50
2021-08-11 12:45:44 [INFO ] File duration: 6320 sec
2021-08-11 12:45:44 [INFO ] Epoch duration: 30.0 sec (changed from 1 sec)
2021-08-11 12:45:44 [INFO ] Selected channel: EEG L - EEG R
2021-08-11 12:45:44 [INFO ] Select channel samples: 210 epochs
2021-08-11 12:45:44 [INFO ] Sampling rate: 256 Hz
2021-08-11 12:45:44 [INFO ] 
=======================================

2021-08-11 12:45:44 [INFO ] Autoscoring file: 1 ...
2021-08-11 12:45:44 [INFO ] Test set (n_night_sleeps=1)
2021-08-11 12:45:44 [INFO ] (210, 7680, 1, 1)
2021-08-11 12:47:18 [INFO ] Best model restored from ./out_QS/train/4\best_ckpt\best_model.ckpt-16140
2021-08-11 12:47:18 [INFO ] Loading ...
2021-08-11 12:47:18 [INFO ] Signal file: C:\Users\asus\Desktop\dr. dresler\zmax\code\ZmaxDonders\Testing\recording-date-2021-08-05-time-10-43-53 Pilot 2\
2021-08-11 12:47:18 [INFO ] Start datetime: 2021-08-05 10:43:50
2021-08-11 12:47:18 [INFO ] File duration: 6320 sec
2021-08-11 12:47:18 [INFO ] Epoch duration: 30.0 sec (changed from 1 sec)
2021-08-11 12:47:18 [INFO ] Selected channel: EEG L - EEG R
2021-08-11 12:47:18 [INFO ] Select channel samples: 210 epochs
2021-08-11 12:47:18 [INFO ] Sampling rate: 256 Hz
2021-08-11 12:47:18 [INFO ] 
=======================================

2021-08-11 12:47:18 [INFO ] Autoscoring file: 1 ...
2021-08-11 12:47:18 [INFO ] Test set (n_night_sleeps=1)
2021-08-11 12:47:18 [INFO ] (210, 7680, 1, 1)
